#
# There is insufficient memory for the Java Runtime Environment to continue.
# Native memory allocation (malloc) failed to allocate 938096 bytes for Chunk::new
# Possible reasons:
#   The system is out of physical RAM or swap space
#   The process is running with CompressedOops enabled, and the Java Heap may be blocking the growth of the native heap
# Possible solutions:
#   Reduce memory load on the system
#   Increase physical memory or swap space
#   Check if swap backing store is full
#   Decrease Java heap size (-Xmx/-Xms)
#   Decrease number of Java threads
#   Decrease Java thread stack sizes (-Xss)
#   Set larger code cache with -XX:ReservedCodeCacheSize=
#   JVM is running with Zero Based Compressed Oops mode in which the Java heap is
#     placed in the first 32GB address space. The Java Heap base address is the
#     maximum limit for the native heap growth. Please use -XX:HeapBaseMinAddress
#     to set the Java Heap base and to place the Java Heap above 32GB virtual address.
# This output file may be truncated or incomplete.
#
#  Out of Memory Error (arena.cpp:189), pid=21940, tid=24980
#
# JRE version: Java(TM) SE Runtime Environment (17.0.12+8) (build 17.0.12+8-LTS-286)
# Java VM: Java HotSpot(TM) 64-Bit Server VM (17.0.12+8-LTS-286, mixed mode, sharing, tiered, compressed oops, compressed class ptrs, g1 gc, windows-amd64)
# No core dump will be written. Minidumps are not enabled by default on client versions of Windows
#

---------------  S U M M A R Y ------------

Command Line: -Dclassworlds.conf=C:\Program Files\Apache\apache-maven-3.9.9\bin\m2.conf -Dmaven.home=C:\Program Files\Apache\apache-maven-3.9.9 -Dlibrary.jansi.path=C:\Program Files\Apache\apache-maven-3.9.9\lib\jansi-native -Dmaven.multiModuleProjectDirectory=c:\Users\moham\Downloads\maintenance-api\maintenance-api org.codehaus.plexus.classworlds.launcher.Launcher clean package -DskipTests

Host: Intel(R) Core(TM) i7-9750H CPU @ 2.60GHz, 12 cores, 15G,  Windows 11 , 64 bit Build 26100 (10.0.26100.3912)
Time: Sat May 24 04:20:09 2025 W. Central Africa Standard Time elapsed time: 1.336316 seconds (0d 0h 0m 1s)

---------------  T H R E A D  ---------------

Current thread (0x000001cf75250420):  JavaThread "C2 CompilerThread1" daemon [_thread_in_native, id=24980, stack(0x0000007e6bf00000,0x0000007e6c000000)]


Current CompileTask:
C2:   1336 1748   !   4       java.net.URL::<init> (543 bytes)

Stack: [0x0000007e6bf00000,0x0000007e6c000000]
Native frames: (J=compiled Java code, j=interpreted, Vv=VM code, C=native code)
V  [jvm.dll+0x67a04a]
V  [jvm.dll+0x7da4ed]
V  [jvm.dll+0x7dbe33]
V  [jvm.dll+0x7dc4a3]
V  [jvm.dll+0x24508f]
V  [jvm.dll+0xab773]
V  [jvm.dll+0xabd3c]
V  [jvm.dll+0x2aa52f]
V  [jvm.dll+0x581eb9]
V  [jvm.dll+0x21f422]
V  [jvm.dll+0x21f81f]
V  [jvm.dll+0x218aa0]
V  [jvm.dll+0x215b65]
V  [jvm.dll+0x1a2960]
V  [jvm.dll+0x22610b]
V  [jvm.dll+0x2242ab]
V  [jvm.dll+0x79075c]
V  [jvm.dll+0x78abea]
V  [jvm.dll+0x678f35]
C  [ucrtbase.dll+0x37b0]
C  [KERNEL32.DLL+0x2e8d7]
C  [ntdll.dll+0x9c5dc]


---------------  P R O C E S S  ---------------

Threads class SMR info:
_java_thread_list=0x000001cf756986c0, length=14, elements={
0x000001cf0a839920, 0x000001cf2f967440, 0x000001cf2f968b70, 0x000001cf2f97e170,
0x000001cf2fa90080, 0x000001cf2fa954e0, 0x000001cf2fa9d980, 0x000001cf2fa9fd50,
0x000001cf2faacff0, 0x000001cf2fab1910, 0x000001cf2fc01250, 0x000001cf2fc39fa0,
0x000001cf75250420, 0x000001cf75252ea0
}

Java Threads: ( => current thread )
  0x000001cf0a839920 JavaThread "main" [_thread_in_Java, id=21816, stack(0x0000007e6ac00000,0x0000007e6ad00000)]
  0x000001cf2f967440 JavaThread "Reference Handler" daemon [_thread_blocked, id=24968, stack(0x0000007e6b300000,0x0000007e6b400000)]
  0x000001cf2f968b70 JavaThread "Finalizer" daemon [_thread_blocked, id=25612, stack(0x0000007e6b400000,0x0000007e6b500000)]
  0x000001cf2f97e170 JavaThread "Signal Dispatcher" daemon [_thread_blocked, id=13384, stack(0x0000007e6b500000,0x0000007e6b600000)]
  0x000001cf2fa90080 JavaThread "Attach Listener" daemon [_thread_blocked, id=24608, stack(0x0000007e6b600000,0x0000007e6b700000)]
  0x000001cf2fa954e0 JavaThread "Service Thread" daemon [_thread_blocked, id=26344, stack(0x0000007e6b700000,0x0000007e6b800000)]
  0x000001cf2fa9d980 JavaThread "Monitor Deflation Thread" daemon [_thread_blocked, id=24640, stack(0x0000007e6b800000,0x0000007e6b900000)]
  0x000001cf2fa9fd50 JavaThread "C2 CompilerThread0" daemon [_thread_blocked, id=25432, stack(0x0000007e6b900000,0x0000007e6ba00000)]
  0x000001cf2faacff0 JavaThread "C1 CompilerThread0" daemon [_thread_in_native, id=18708, stack(0x0000007e6ba00000,0x0000007e6bb00000)]
  0x000001cf2fab1910 JavaThread "Sweeper thread" daemon [_thread_blocked, id=25672, stack(0x0000007e6bb00000,0x0000007e6bc00000)]
  0x000001cf2fc01250 JavaThread "Notification Thread" daemon [_thread_blocked, id=25152, stack(0x0000007e6bc00000,0x0000007e6bd00000)]
  0x000001cf2fc39fa0 JavaThread "Common-Cleaner" daemon [_thread_blocked, id=25100, stack(0x0000007e6be00000,0x0000007e6bf00000)]
=>0x000001cf75250420 JavaThread "C2 CompilerThread1" daemon [_thread_in_native, id=24980, stack(0x0000007e6bf00000,0x0000007e6c000000)]
  0x000001cf75252ea0 JavaThread "C2 CompilerThread2" daemon [_thread_blocked, id=25928, stack(0x0000007e6c000000,0x0000007e6c100000)]

Other Threads:
  0x000001cf2f962690 VMThread "VM Thread" [stack: 0x0000007e6b200000,0x0000007e6b300000] [id=9600]
  0x000001cf0a8bf430 WatcherThread [stack: 0x0000007e6bd00000,0x0000007e6be00000] [id=4212]
  0x000001cf0a8a3390 GCTaskThread "GC Thread#0" [stack: 0x0000007e6ad00000,0x0000007e6ae00000] [id=26220]
  0x000001cf7564d9a0 GCTaskThread "GC Thread#1" [stack: 0x0000007e6c100000,0x0000007e6c200000] [id=4752]
  0x000001cf2fca27a0 GCTaskThread "GC Thread#2" [stack: 0x0000007e6c200000,0x0000007e6c300000] [id=868]
  0x000001cf756143a0 GCTaskThread "GC Thread#3" [stack: 0x0000007e6c300000,0x0000007e6c400000] [id=24440]
  0x000001cf75614660 GCTaskThread "GC Thread#4" [stack: 0x0000007e6c400000,0x0000007e6c500000] [id=11272]
  0x000001cf75b68ba0 GCTaskThread "GC Thread#5" [stack: 0x0000007e6c500000,0x0000007e6c600000] [id=7016]
  0x000001cf75c44e40 GCTaskThread "GC Thread#6" [stack: 0x0000007e6c600000,0x0000007e6c700000] [id=20216]
  0x000001cf75c45940 GCTaskThread "GC Thread#7" [stack: 0x0000007e6c700000,0x0000007e6c800000] [id=10884]
  0x000001cf75c45c00 GCTaskThread "GC Thread#8" [stack: 0x0000007e6c800000,0x0000007e6c900000] [id=11148]
  0x000001cf0a8b40a0 ConcurrentGCThread "G1 Main Marker" [stack: 0x0000007e6ae00000,0x0000007e6af00000] [id=25740]
  0x000001cf0a8b6790 ConcurrentGCThread "G1 Conc#0" [stack: 0x0000007e6af00000,0x0000007e6b000000] [id=14876]
  0x000001cf0a8fd0b0 ConcurrentGCThread "G1 Refine#0" [stack: 0x0000007e6b000000,0x0000007e6b100000] [id=8388]
  0x000001cf0a8fdae0 ConcurrentGCThread "G1 Service" [stack: 0x0000007e6b100000,0x0000007e6b200000] [id=25592]

Threads with active compile tasks:
C2 CompilerThread1     1370 1748   !   4       java.net.URL::<init> (543 bytes)

VM state: not at safepoint (normal execution)

VM Mutex/Monitor currently owned by a thread: None

Heap address: 0x0000000702400000, size: 4060 MB, Compressed Oops mode: Zero based, Oop shift amount: 3

CDS archive(s) mapped at: [0x000001cf30000000-0x000001cf30bd0000-0x000001cf30bd0000), size 12386304, SharedBaseAddress: 0x000001cf30000000, ArchiveRelocationMode: 1.
Compressed class space mapped at: 0x000001cf31000000-0x000001cf71000000, reserved size: 1073741824
Narrow klass base: 0x000001cf30000000, Narrow klass shift: 0, Narrow klass range: 0x100000000

GC Precious Log:
 CPUs: 12 total, 12 available
 Memory: 16234M
 Large Page Support: Disabled
 NUMA Support: Disabled
 Compressed Oops: Enabled (Zero based)
 Heap Region Size: 2M
 Heap Min Capacity: 8M
 Heap Initial Capacity: 254M
 Heap Max Capacity: 4060M
 Pre-touch: Disabled
 Parallel Workers: 10
 Concurrent Workers: 3
 Concurrent Refinement Workers: 10
 Periodic GC: Disabled

Heap:
 garbage-first heap   total 260096K, used 11384K [0x0000000702400000, 0x0000000800000000)
  region size 2048K, 5 young (10240K), 1 survivors (2048K)
 Metaspace       used 11096K, committed 11328K, reserved 1114112K
  class space    used 1362K, committed 1472K, reserved 1048576K

Heap Regions: E=young(eden), S=young(survivor), O=old, HS=humongous(starts), HC=humongous(continues), CS=collection set, F=free, OA=open archive, CA=closed archive, TAMS=top-at-mark-start (previous, next)
|   0|0x0000000702400000, 0x0000000702600000, 0x0000000702600000|100%| O|  |TAMS 0x0000000702400000, 0x0000000702400000| Untracked 
|   1|0x0000000702600000, 0x0000000702760c00, 0x0000000702800000| 68%| O|  |TAMS 0x0000000702600000, 0x0000000702600000| Untracked 
|   2|0x0000000702800000, 0x0000000702800000, 0x0000000702a00000|  0%| F|  |TAMS 0x0000000702800000, 0x0000000702800000| Untracked 
|   3|0x0000000702a00000, 0x0000000702a00000, 0x0000000702c00000|  0%| F|  |TAMS 0x0000000702a00000, 0x0000000702a00000| Untracked 
|   4|0x0000000702c00000, 0x0000000702c00000, 0x0000000702e00000|  0%| F|  |TAMS 0x0000000702c00000, 0x0000000702c00000| Untracked 
|   5|0x0000000702e00000, 0x0000000702e00000, 0x0000000703000000|  0%| F|  |TAMS 0x0000000702e00000, 0x0000000702e00000| Untracked 
|   6|0x0000000703000000, 0x0000000703000000, 0x0000000703200000|  0%| F|  |TAMS 0x0000000703000000, 0x0000000703000000| Untracked 
|   7|0x0000000703200000, 0x0000000703200000, 0x0000000703400000|  0%| F|  |TAMS 0x0000000703200000, 0x0000000703200000| Untracked 
|   8|0x0000000703400000, 0x0000000703400000, 0x0000000703600000|  0%| F|  |TAMS 0x0000000703400000, 0x0000000703400000| Untracked 
|   9|0x0000000703600000, 0x0000000703600000, 0x0000000703800000|  0%| F|  |TAMS 0x0000000703600000, 0x0000000703600000| Untracked 
|  10|0x0000000703800000, 0x0000000703800000, 0x0000000703a00000|  0%| F|  |TAMS 0x0000000703800000, 0x0000000703800000| Untracked 
|  11|0x0000000703a00000, 0x0000000703a00000, 0x0000000703c00000|  0%| F|  |TAMS 0x0000000703a00000, 0x0000000703a00000| Untracked 
|  12|0x0000000703c00000, 0x0000000703c00000, 0x0000000703e00000|  0%| F|  |TAMS 0x0000000703c00000, 0x0000000703c00000| Untracked 
|  13|0x0000000703e00000, 0x0000000703e00000, 0x0000000704000000|  0%| F|  |TAMS 0x0000000703e00000, 0x0000000703e00000| Untracked 
|  14|0x0000000704000000, 0x0000000704000000, 0x0000000704200000|  0%| F|  |TAMS 0x0000000704000000, 0x0000000704000000| Untracked 
|  15|0x0000000704200000, 0x0000000704200000, 0x0000000704400000|  0%| F|  |TAMS 0x0000000704200000, 0x0000000704200000| Untracked 
|  16|0x0000000704400000, 0x0000000704400000, 0x0000000704600000|  0%| F|  |TAMS 0x0000000704400000, 0x0000000704400000| Untracked 
|  17|0x0000000704600000, 0x0000000704600000, 0x0000000704800000|  0%| F|  |TAMS 0x0000000704600000, 0x0000000704600000| Untracked 
|  18|0x0000000704800000, 0x0000000704800000, 0x0000000704a00000|  0%| F|  |TAMS 0x0000000704800000, 0x0000000704800000| Untracked 
|  19|0x0000000704a00000, 0x0000000704a00000, 0x0000000704c00000|  0%| F|  |TAMS 0x0000000704a00000, 0x0000000704a00000| Untracked 
|  20|0x0000000704c00000, 0x0000000704c00000, 0x0000000704e00000|  0%| F|  |TAMS 0x0000000704c00000, 0x0000000704c00000| Untracked 
|  21|0x0000000704e00000, 0x0000000704e00000, 0x0000000705000000|  0%| F|  |TAMS 0x0000000704e00000, 0x0000000704e00000| Untracked 
|  22|0x0000000705000000, 0x0000000705000000, 0x0000000705200000|  0%| F|  |TAMS 0x0000000705000000, 0x0000000705000000| Untracked 
|  23|0x0000000705200000, 0x0000000705200000, 0x0000000705400000|  0%| F|  |TAMS 0x0000000705200000, 0x0000000705200000| Untracked 
|  24|0x0000000705400000, 0x0000000705400000, 0x0000000705600000|  0%| F|  |TAMS 0x0000000705400000, 0x0000000705400000| Untracked 
|  25|0x0000000705600000, 0x0000000705600000, 0x0000000705800000|  0%| F|  |TAMS 0x0000000705600000, 0x0000000705600000| Untracked 
|  26|0x0000000705800000, 0x0000000705800000, 0x0000000705a00000|  0%| F|  |TAMS 0x0000000705800000, 0x0000000705800000| Untracked 
|  27|0x0000000705a00000, 0x0000000705a00000, 0x0000000705c00000|  0%| F|  |TAMS 0x0000000705a00000, 0x0000000705a00000| Untracked 
|  28|0x0000000705c00000, 0x0000000705c00000, 0x0000000705e00000|  0%| F|  |TAMS 0x0000000705c00000, 0x0000000705c00000| Untracked 
|  29|0x0000000705e00000, 0x0000000705e00000, 0x0000000706000000|  0%| F|  |TAMS 0x0000000705e00000, 0x0000000705e00000| Untracked 
|  30|0x0000000706000000, 0x0000000706000000, 0x0000000706200000|  0%| F|  |TAMS 0x0000000706000000, 0x0000000706000000| Untracked 
|  31|0x0000000706200000, 0x0000000706200000, 0x0000000706400000|  0%| F|  |TAMS 0x0000000706200000, 0x0000000706200000| Untracked 
|  32|0x0000000706400000, 0x0000000706400000, 0x0000000706600000|  0%| F|  |TAMS 0x0000000706400000, 0x0000000706400000| Untracked 
|  33|0x0000000706600000, 0x0000000706600000, 0x0000000706800000|  0%| F|  |TAMS 0x0000000706600000, 0x0000000706600000| Untracked 
|  34|0x0000000706800000, 0x0000000706800000, 0x0000000706a00000|  0%| F|  |TAMS 0x0000000706800000, 0x0000000706800000| Untracked 
|  35|0x0000000706a00000, 0x0000000706a00000, 0x0000000706c00000|  0%| F|  |TAMS 0x0000000706a00000, 0x0000000706a00000| Untracked 
|  36|0x0000000706c00000, 0x0000000706c00000, 0x0000000706e00000|  0%| F|  |TAMS 0x0000000706c00000, 0x0000000706c00000| Untracked 
|  37|0x0000000706e00000, 0x0000000706e00000, 0x0000000707000000|  0%| F|  |TAMS 0x0000000706e00000, 0x0000000706e00000| Untracked 
|  38|0x0000000707000000, 0x0000000707000000, 0x0000000707200000|  0%| F|  |TAMS 0x0000000707000000, 0x0000000707000000| Untracked 
|  39|0x0000000707200000, 0x0000000707200000, 0x0000000707400000|  0%| F|  |TAMS 0x0000000707200000, 0x0000000707200000| Untracked 
|  40|0x0000000707400000, 0x0000000707400000, 0x0000000707600000|  0%| F|  |TAMS 0x0000000707400000, 0x0000000707400000| Untracked 
|  41|0x0000000707600000, 0x0000000707600000, 0x0000000707800000|  0%| F|  |TAMS 0x0000000707600000, 0x0000000707600000| Untracked 
|  42|0x0000000707800000, 0x0000000707800000, 0x0000000707a00000|  0%| F|  |TAMS 0x0000000707800000, 0x0000000707800000| Untracked 
|  43|0x0000000707a00000, 0x0000000707a00000, 0x0000000707c00000|  0%| F|  |TAMS 0x0000000707a00000, 0x0000000707a00000| Untracked 
|  44|0x0000000707c00000, 0x0000000707c00000, 0x0000000707e00000|  0%| F|  |TAMS 0x0000000707c00000, 0x0000000707c00000| Untracked 
|  45|0x0000000707e00000, 0x0000000707e00000, 0x0000000708000000|  0%| F|  |TAMS 0x0000000707e00000, 0x0000000707e00000| Untracked 
|  46|0x0000000708000000, 0x0000000708000000, 0x0000000708200000|  0%| F|  |TAMS 0x0000000708000000, 0x0000000708000000| Untracked 
|  47|0x0000000708200000, 0x0000000708200000, 0x0000000708400000|  0%| F|  |TAMS 0x0000000708200000, 0x0000000708200000| Untracked 
|  48|0x0000000708400000, 0x0000000708400000, 0x0000000708600000|  0%| F|  |TAMS 0x0000000708400000, 0x0000000708400000| Untracked 
|  49|0x0000000708600000, 0x0000000708600000, 0x0000000708800000|  0%| F|  |TAMS 0x0000000708600000, 0x0000000708600000| Untracked 
|  50|0x0000000708800000, 0x0000000708800000, 0x0000000708a00000|  0%| F|  |TAMS 0x0000000708800000, 0x0000000708800000| Untracked 
|  51|0x0000000708a00000, 0x0000000708a00000, 0x0000000708c00000|  0%| F|  |TAMS 0x0000000708a00000, 0x0000000708a00000| Untracked 
|  52|0x0000000708c00000, 0x0000000708c00000, 0x0000000708e00000|  0%| F|  |TAMS 0x0000000708c00000, 0x0000000708c00000| Untracked 
|  53|0x0000000708e00000, 0x0000000708e00000, 0x0000000709000000|  0%| F|  |TAMS 0x0000000708e00000, 0x0000000708e00000| Untracked 
|  54|0x0000000709000000, 0x0000000709000000, 0x0000000709200000|  0%| F|  |TAMS 0x0000000709000000, 0x0000000709000000| Untracked 
|  55|0x0000000709200000, 0x0000000709200000, 0x0000000709400000|  0%| F|  |TAMS 0x0000000709200000, 0x0000000709200000| Untracked 
|  56|0x0000000709400000, 0x0000000709400000, 0x0000000709600000|  0%| F|  |TAMS 0x0000000709400000, 0x0000000709400000| Untracked 
|  57|0x0000000709600000, 0x0000000709600000, 0x0000000709800000|  0%| F|  |TAMS 0x0000000709600000, 0x0000000709600000| Untracked 
|  58|0x0000000709800000, 0x0000000709800000, 0x0000000709a00000|  0%| F|  |TAMS 0x0000000709800000, 0x0000000709800000| Untracked 
|  59|0x0000000709a00000, 0x0000000709a00000, 0x0000000709c00000|  0%| F|  |TAMS 0x0000000709a00000, 0x0000000709a00000| Untracked 
|  60|0x0000000709c00000, 0x0000000709c00000, 0x0000000709e00000|  0%| F|  |TAMS 0x0000000709c00000, 0x0000000709c00000| Untracked 
|  61|0x0000000709e00000, 0x0000000709e00000, 0x000000070a000000|  0%| F|  |TAMS 0x0000000709e00000, 0x0000000709e00000| Untracked 
|  62|0x000000070a000000, 0x000000070a000000, 0x000000070a200000|  0%| F|  |TAMS 0x000000070a000000, 0x000000070a000000| Untracked 
|  63|0x000000070a200000, 0x000000070a200000, 0x000000070a400000|  0%| F|  |TAMS 0x000000070a200000, 0x000000070a200000| Untracked 
|  64|0x000000070a400000, 0x000000070a400000, 0x000000070a600000|  0%| F|  |TAMS 0x000000070a400000, 0x000000070a400000| Untracked 
|  65|0x000000070a600000, 0x000000070a600000, 0x000000070a800000|  0%| F|  |TAMS 0x000000070a600000, 0x000000070a600000| Untracked 
|  66|0x000000070a800000, 0x000000070a800000, 0x000000070aa00000|  0%| F|  |TAMS 0x000000070a800000, 0x000000070a800000| Untracked 
|  67|0x000000070aa00000, 0x000000070aa00000, 0x000000070ac00000|  0%| F|  |TAMS 0x000000070aa00000, 0x000000070aa00000| Untracked 
|  68|0x000000070ac00000, 0x000000070ac00000, 0x000000070ae00000|  0%| F|  |TAMS 0x000000070ac00000, 0x000000070ac00000| Untracked 
|  69|0x000000070ae00000, 0x000000070ae00000, 0x000000070b000000|  0%| F|  |TAMS 0x000000070ae00000, 0x000000070ae00000| Untracked 
|  70|0x000000070b000000, 0x000000070b000000, 0x000000070b200000|  0%| F|  |TAMS 0x000000070b000000, 0x000000070b000000| Untracked 
|  71|0x000000070b200000, 0x000000070b200000, 0x000000070b400000|  0%| F|  |TAMS 0x000000070b200000, 0x000000070b200000| Untracked 
|  72|0x000000070b400000, 0x000000070b400000, 0x000000070b600000|  0%| F|  |TAMS 0x000000070b400000, 0x000000070b400000| Untracked 
|  73|0x000000070b600000, 0x000000070b600000, 0x000000070b800000|  0%| F|  |TAMS 0x000000070b600000, 0x000000070b600000| Untracked 
|  74|0x000000070b800000, 0x000000070b800000, 0x000000070ba00000|  0%| F|  |TAMS 0x000000070b800000, 0x000000070b800000| Untracked 
|  75|0x000000070ba00000, 0x000000070ba00000, 0x000000070bc00000|  0%| F|  |TAMS 0x000000070ba00000, 0x000000070ba00000| Untracked 
|  76|0x000000070bc00000, 0x000000070bc00000, 0x000000070be00000|  0%| F|  |TAMS 0x000000070bc00000, 0x000000070bc00000| Untracked 
|  77|0x000000070be00000, 0x000000070be00000, 0x000000070c000000|  0%| F|  |TAMS 0x000000070be00000, 0x000000070be00000| Untracked 
|  78|0x000000070c000000, 0x000000070c000000, 0x000000070c200000|  0%| F|  |TAMS 0x000000070c000000, 0x000000070c000000| Untracked 
|  79|0x000000070c200000, 0x000000070c200000, 0x000000070c400000|  0%| F|  |TAMS 0x000000070c200000, 0x000000070c200000| Untracked 
|  80|0x000000070c400000, 0x000000070c400000, 0x000000070c600000|  0%| F|  |TAMS 0x000000070c400000, 0x000000070c400000| Untracked 
|  81|0x000000070c600000, 0x000000070c600000, 0x000000070c800000|  0%| F|  |TAMS 0x000000070c600000, 0x000000070c600000| Untracked 
|  82|0x000000070c800000, 0x000000070c800000, 0x000000070ca00000|  0%| F|  |TAMS 0x000000070c800000, 0x000000070c800000| Untracked 
|  83|0x000000070ca00000, 0x000000070ca00000, 0x000000070cc00000|  0%| F|  |TAMS 0x000000070ca00000, 0x000000070ca00000| Untracked 
|  84|0x000000070cc00000, 0x000000070cc00000, 0x000000070ce00000|  0%| F|  |TAMS 0x000000070cc00000, 0x000000070cc00000| Untracked 
|  85|0x000000070ce00000, 0x000000070ce00000, 0x000000070d000000|  0%| F|  |TAMS 0x000000070ce00000, 0x000000070ce00000| Untracked 
|  86|0x000000070d000000, 0x000000070d000000, 0x000000070d200000|  0%| F|  |TAMS 0x000000070d000000, 0x000000070d000000| Untracked 
|  87|0x000000070d200000, 0x000000070d200000, 0x000000070d400000|  0%| F|  |TAMS 0x000000070d200000, 0x000000070d200000| Untracked 
|  88|0x000000070d400000, 0x000000070d400000, 0x000000070d600000|  0%| F|  |TAMS 0x000000070d400000, 0x000000070d400000| Untracked 
|  89|0x000000070d600000, 0x000000070d600000, 0x000000070d800000|  0%| F|  |TAMS 0x000000070d600000, 0x000000070d600000| Untracked 
|  90|0x000000070d800000, 0x000000070d800000, 0x000000070da00000|  0%| F|  |TAMS 0x000000070d800000, 0x000000070d800000| Untracked 
|  91|0x000000070da00000, 0x000000070da00000, 0x000000070dc00000|  0%| F|  |TAMS 0x000000070da00000, 0x000000070da00000| Untracked 
|  92|0x000000070dc00000, 0x000000070dc00000, 0x000000070de00000|  0%| F|  |TAMS 0x000000070dc00000, 0x000000070dc00000| Untracked 
|  93|0x000000070de00000, 0x000000070de00000, 0x000000070e000000|  0%| F|  |TAMS 0x000000070de00000, 0x000000070de00000| Untracked 
|  94|0x000000070e000000, 0x000000070e000000, 0x000000070e200000|  0%| F|  |TAMS 0x000000070e000000, 0x000000070e000000| Untracked 
|  95|0x000000070e200000, 0x000000070e200000, 0x000000070e400000|  0%| F|  |TAMS 0x000000070e200000, 0x000000070e200000| Untracked 
|  96|0x000000070e400000, 0x000000070e400000, 0x000000070e600000|  0%| F|  |TAMS 0x000000070e400000, 0x000000070e400000| Untracked 
|  97|0x000000070e600000, 0x000000070e600000, 0x000000070e800000|  0%| F|  |TAMS 0x000000070e600000, 0x000000070e600000| Untracked 
|  98|0x000000070e800000, 0x000000070e800000, 0x000000070ea00000|  0%| F|  |TAMS 0x000000070e800000, 0x000000070e800000| Untracked 
|  99|0x000000070ea00000, 0x000000070ea00000, 0x000000070ec00000|  0%| F|  |TAMS 0x000000070ea00000, 0x000000070ea00000| Untracked 
| 100|0x000000070ec00000, 0x000000070ec00000, 0x000000070ee00000|  0%| F|  |TAMS 0x000000070ec00000, 0x000000070ec00000| Untracked 
| 101|0x000000070ee00000, 0x000000070ee00000, 0x000000070f000000|  0%| F|  |TAMS 0x000000070ee00000, 0x000000070ee00000| Untracked 
| 102|0x000000070f000000, 0x000000070f000000, 0x000000070f200000|  0%| F|  |TAMS 0x000000070f000000, 0x000000070f000000| Untracked 
| 103|0x000000070f200000, 0x000000070f200000, 0x000000070f400000|  0%| F|  |TAMS 0x000000070f200000, 0x000000070f200000| Untracked 
| 104|0x000000070f400000, 0x000000070f400000, 0x000000070f600000|  0%| F|  |TAMS 0x000000070f400000, 0x000000070f400000| Untracked 
| 105|0x000000070f600000, 0x000000070f600000, 0x000000070f800000|  0%| F|  |TAMS 0x000000070f600000, 0x000000070f600000| Untracked 
| 106|0x000000070f800000, 0x000000070f800000, 0x000000070fa00000|  0%| F|  |TAMS 0x000000070f800000, 0x000000070f800000| Untracked 
| 107|0x000000070fa00000, 0x000000070fa00000, 0x000000070fc00000|  0%| F|  |TAMS 0x000000070fa00000, 0x000000070fa00000| Untracked 
| 108|0x000000070fc00000, 0x000000070fc00000, 0x000000070fe00000|  0%| F|  |TAMS 0x000000070fc00000, 0x000000070fc00000| Untracked 
| 109|0x000000070fe00000, 0x000000070ffbd770, 0x0000000710000000| 87%| S|CS|TAMS 0x000000070fe00000, 0x000000070fe00000| Complete 
| 110|0x0000000710000000, 0x0000000710000000, 0x0000000710200000|  0%| F|  |TAMS 0x0000000710000000, 0x0000000710000000| Untracked 
| 111|0x0000000710200000, 0x0000000710200000, 0x0000000710400000|  0%| F|  |TAMS 0x0000000710200000, 0x0000000710200000| Untracked 
| 112|0x0000000710400000, 0x0000000710400000, 0x0000000710600000|  0%| F|  |TAMS 0x0000000710400000, 0x0000000710400000| Untracked 
| 113|0x0000000710600000, 0x0000000710600000, 0x0000000710800000|  0%| F|  |TAMS 0x0000000710600000, 0x0000000710600000| Untracked 
| 114|0x0000000710800000, 0x0000000710800000, 0x0000000710a00000|  0%| F|  |TAMS 0x0000000710800000, 0x0000000710800000| Untracked 
| 115|0x0000000710a00000, 0x0000000710a00000, 0x0000000710c00000|  0%| F|  |TAMS 0x0000000710a00000, 0x0000000710a00000| Untracked 
| 116|0x0000000710c00000, 0x0000000710c00000, 0x0000000710e00000|  0%| F|  |TAMS 0x0000000710c00000, 0x0000000710c00000| Untracked 
| 117|0x0000000710e00000, 0x0000000710e00000, 0x0000000711000000|  0%| F|  |TAMS 0x0000000710e00000, 0x0000000710e00000| Untracked 
| 118|0x0000000711000000, 0x0000000711000000, 0x0000000711200000|  0%| F|  |TAMS 0x0000000711000000, 0x0000000711000000| Untracked 
| 119|0x0000000711200000, 0x0000000711200000, 0x0000000711400000|  0%| F|  |TAMS 0x0000000711200000, 0x0000000711200000| Untracked 
| 120|0x0000000711400000, 0x0000000711400000, 0x0000000711600000|  0%| F|  |TAMS 0x0000000711400000, 0x0000000711400000| Untracked 
| 121|0x0000000711600000, 0x0000000711600000, 0x0000000711800000|  0%| F|  |TAMS 0x0000000711600000, 0x0000000711600000| Untracked 
| 122|0x0000000711800000, 0x0000000711901368, 0x0000000711a00000| 50%| E|  |TAMS 0x0000000711800000, 0x0000000711800000| Complete 
| 123|0x0000000711a00000, 0x0000000711c00000, 0x0000000711c00000|100%| E|CS|TAMS 0x0000000711a00000, 0x0000000711a00000| Complete 
| 124|0x0000000711c00000, 0x0000000711e00000, 0x0000000711e00000|100%| E|CS|TAMS 0x0000000711c00000, 0x0000000711c00000| Complete 
| 125|0x0000000711e00000, 0x0000000712000000, 0x0000000712000000|100%| E|CS|TAMS 0x0000000711e00000, 0x0000000711e00000| Complete 
| 126|0x0000000712000000, 0x0000000712200000, 0x0000000712200000|100%| E|CS|TAMS 0x0000000712000000, 0x0000000712000000| Complete 

Card table byte_map: [0x000001cf23d80000,0x000001cf24570000] _byte_map_base: 0x000001cf2056e000

Marking Bits (Prev, Next): (CMBitMap*) 0x000001cf0a8a39b0, (CMBitMap*) 0x000001cf0a8a39f0
 Prev Bits: [0x000001cf24d60000, 0x000001cf28cd0000)
 Next Bits: [0x000001cf28cd0000, 0x000001cf2cc40000)

Polling page: 0x000001cf0a590000

Metaspace:

Usage:
  Non-class:      9.51 MB used.
      Class:      1.33 MB used.
       Both:     10.84 MB used.

Virtual space:
  Non-class space:       64.00 MB reserved,       9.62 MB ( 15%) committed,  1 nodes.
      Class space:        1.00 GB reserved,       1.44 MB ( <1%) committed,  1 nodes.
             Both:        1.06 GB reserved,      11.06 MB (  1%) committed. 

Chunk freelists:
   Non-Class:  4.91 MB
       Class:  14.61 MB
        Both:  19.52 MB

MaxMetaspaceSize: unlimited
CompressedClassSpaceSize: 1.00 GB
Initial GC threshold: 21.00 MB
Current GC threshold: 21.00 MB
CDS: on
MetaspaceReclaimPolicy: balanced
 - commit_granule_bytes: 65536.
 - commit_granule_words: 8192.
 - virtual_space_node_default_size: 8388608.
 - enlarge_chunks_in_place: 1.
 - new_chunks_are_fully_committed: 0.
 - uncommit_free_chunks: 1.
 - use_allocation_guard: 0.
 - handle_deallocations: 1.


Internal statistics:

num_allocs_failed_limit: 0.
num_arena_births: 70.
num_arena_deaths: 0.
num_vsnodes_births: 2.
num_vsnodes_deaths: 0.
num_space_committed: 177.
num_space_uncommitted: 0.
num_chunks_returned_to_freelist: 0.
num_chunks_taken_from_freelist: 458.
num_chunk_merges: 0.
num_chunk_splits: 309.
num_chunks_enlarged: 250.
num_inconsistent_stats: 0.

CodeHeap 'non-profiled nmethods': size=120000Kb used=777Kb max_used=777Kb free=119222Kb
 bounds [0x000001cf1b3e0000, 0x000001cf1b650000, 0x000001cf22910000]
CodeHeap 'profiled nmethods': size=120000Kb used=3679Kb max_used=3679Kb free=116320Kb
 bounds [0x000001cf13910000, 0x000001cf13cb0000, 0x000001cf1ae40000]
CodeHeap 'non-nmethods': size=5760Kb used=1163Kb max_used=1221Kb free=4596Kb
 bounds [0x000001cf1ae40000, 0x000001cf1b0b0000, 0x000001cf1b3e0000]
 total_blobs=2320 nmethods=1871 adapters=361
 compilation: enabled
              stopped_count=0, restarted_count=0
 full_count=0

Compilation events (20 events):
Event: 1.315 Thread 0x000001cf2fa9fd50 nmethod 1792 0x000001cf1b49ad90 code [0x000001cf1b49af00, 0x000001cf1b49af98]
Event: 1.315 Thread 0x000001cf2fa9fd50 1795       4       jdk.internal.org.objectweb.asm.SymbolTable::put (150 bytes)
Event: 1.315 Thread 0x000001cf2faacff0 nmethod 1791 0x000001cf13c87790 code [0x000001cf13c87a00, 0x000001cf13c88828]
Event: 1.315 Thread 0x000001cf2faacff0 1793       3       sun.invoke.util.BytecodeDescriptor::unparse (24 bytes)
Event: 1.315 Thread 0x000001cf2faacff0 nmethod 1793 0x000001cf13c88c90 code [0x000001cf13c88e40, 0x000001cf13c89048]
Event: 1.315 Thread 0x000001cf2faacff0 1794       3       java.lang.invoke.MethodType::basicType (8 bytes)
Event: 1.315 Thread 0x000001cf2faacff0 nmethod 1794 0x000001cf13c89110 code [0x000001cf13c892a0, 0x000001cf13c893d8]
Event: 1.316 Thread 0x000001cf75252ea0 1796       4       java.lang.String::indexOf (18 bytes)
Event: 1.317 Thread 0x000001cf2fa9fd50 nmethod 1795 0x000001cf1b49b090 code [0x000001cf1b49b220, 0x000001cf1b49b598]
Event: 1.319 Thread 0x000001cf2faacff0 1797       3       java.util.WeakHashMap::put (160 bytes)
Event: 1.319 Thread 0x000001cf75252ea0 nmethod 1796 0x000001cf1b49b710 code [0x000001cf1b49b8a0, 0x000001cf1b49bc58]
Event: 1.320 Thread 0x000001cf75252ea0 1798       4       java.util.WeakHashMap::getTable (9 bytes)
Event: 1.321 Thread 0x000001cf2faacff0 nmethod 1797 0x000001cf13c89490 code [0x000001cf13c89720, 0x000001cf13c8a7a8]
Event: 1.322 Thread 0x000001cf75252ea0 nmethod 1798 0x000001cf1b49be90 code [0x000001cf1b49c020, 0x000001cf1b49c348]
Event: 1.322 Thread 0x000001cf2faacff0 1799       3       java.util.concurrent.ConcurrentHashMap::get (162 bytes)
Event: 1.323 Thread 0x000001cf2faacff0 nmethod 1799 0x000001cf13c8ad10 code [0x000001cf13c8af60, 0x000001cf13c8ba68]
Event: 1.325 Thread 0x000001cf2faacff0 1800       3       java.util.WeakHashMap::remove (131 bytes)
Event: 1.325 Thread 0x000001cf2faacff0 nmethod 1800 0x000001cf13c8bd90 code [0x000001cf13c8bfe0, 0x000001cf13c8cb78]
Event: 1.334 Thread 0x000001cf2faacff0 1801       3       java.lang.invoke.MethodHandles$Lookup::<init> (84 bytes)
Event: 1.334 Thread 0x000001cf2faacff0 nmethod 1801 0x000001cf13c8cf90 code [0x000001cf13c8d140, 0x000001cf13c8d398]

GC Heap History (4 events):
Event: 0.639 GC heap before
{Heap before GC invocations=0 (full 0):
 garbage-first heap   total 260096K, used 22528K [0x0000000702400000, 0x0000000800000000)
  region size 2048K, 11 young (22528K), 0 survivors (0K)
 Metaspace       used 5433K, committed 5632K, reserved 1114112K
  class space    used 658K, committed 768K, reserved 1048576K
}
Event: 0.645 GC heap after
{Heap after GC invocations=1 (full 0):
 garbage-first heap   total 260096K, used 3773K [0x0000000702400000, 0x0000000800000000)
  region size 2048K, 2 young (4096K), 2 survivors (4096K)
 Metaspace       used 5433K, committed 5632K, reserved 1114112K
  class space    used 658K, committed 768K, reserved 1048576K
}
Event: 1.196 GC heap before
{Heap before GC invocations=1 (full 0):
 garbage-first heap   total 260096K, used 34493K [0x0000000702400000, 0x0000000800000000)
  region size 2048K, 17 young (34816K), 2 survivors (4096K)
 Metaspace       used 9449K, committed 9600K, reserved 1114112K
  class space    used 1149K, committed 1216K, reserved 1048576K
}
Event: 1.201 GC heap after
{Heap after GC invocations=2 (full 0):
 garbage-first heap   total 260096K, used 5240K [0x0000000702400000, 0x0000000800000000)
  region size 2048K, 1 young (2048K), 1 survivors (2048K)
 Metaspace       used 9449K, committed 9600K, reserved 1114112K
  class space    used 1149K, committed 1216K, reserved 1048576K
}

Deoptimization events (20 events):
Event: 1.257 Thread 0x000001cf0a839920 Uncommon trap: trap_request=0xffffffd6 fr.pc=0x000001cf1b49701c relative=0x000000000000017c
Event: 1.257 Thread 0x000001cf0a839920 Uncommon trap: reason=array_check action=maybe_recompile pc=0x000001cf1b49701c method=java.util.stream.Nodes$FixedNodeBuilder.accept(Ljava/lang/Object;)V @ 28 c2
Event: 1.257 Thread 0x000001cf0a839920 DEOPT PACKING pc=0x000001cf1b49701c sp=0x0000007e6acfdcd0
Event: 1.257 Thread 0x000001cf0a839920 DEOPT UNPACKING pc=0x000001cf1ae923a3 sp=0x0000007e6acfdc80 mode 2
Event: 1.257 Thread 0x000001cf0a839920 Uncommon trap: trap_request=0xffffffd6 fr.pc=0x000001cf1b49701c relative=0x000000000000017c
Event: 1.257 Thread 0x000001cf0a839920 Uncommon trap: reason=array_check action=maybe_recompile pc=0x000001cf1b49701c method=java.util.stream.Nodes$FixedNodeBuilder.accept(Ljava/lang/Object;)V @ 28 c2
Event: 1.257 Thread 0x000001cf0a839920 DEOPT PACKING pc=0x000001cf1b49701c sp=0x0000007e6acfdcd0
Event: 1.257 Thread 0x000001cf0a839920 DEOPT UNPACKING pc=0x000001cf1ae923a3 sp=0x0000007e6acfdc80 mode 2
Event: 1.257 Thread 0x000001cf0a839920 Uncommon trap: trap_request=0xffffffd6 fr.pc=0x000001cf1b49701c relative=0x000000000000017c
Event: 1.257 Thread 0x000001cf0a839920 Uncommon trap: reason=array_check action=maybe_recompile pc=0x000001cf1b49701c method=java.util.stream.Nodes$FixedNodeBuilder.accept(Ljava/lang/Object;)V @ 28 c2
Event: 1.257 Thread 0x000001cf0a839920 DEOPT PACKING pc=0x000001cf1b49701c sp=0x0000007e6acfdcd0
Event: 1.257 Thread 0x000001cf0a839920 DEOPT UNPACKING pc=0x000001cf1ae923a3 sp=0x0000007e6acfdc80 mode 2
Event: 1.312 Thread 0x000001cf0a839920 Uncommon trap: trap_request=0xffffff45 fr.pc=0x000001cf1b4240b0 relative=0x0000000000000290
Event: 1.312 Thread 0x000001cf0a839920 Uncommon trap: reason=unstable_if action=reinterpret pc=0x000001cf1b4240b0 method=java.util.concurrent.ConcurrentHashMap.get(Ljava/lang/Object;)Ljava/lang/Object; @ 76 c2
Event: 1.312 Thread 0x000001cf0a839920 DEOPT PACKING pc=0x000001cf1b4240b0 sp=0x0000007e6acfb1b0
Event: 1.312 Thread 0x000001cf0a839920 DEOPT UNPACKING pc=0x000001cf1ae923a3 sp=0x0000007e6acfb128 mode 2
Event: 1.333 Thread 0x000001cf0a839920 Uncommon trap: trap_request=0xffffff45 fr.pc=0x000001cf1b461d24 relative=0x0000000000000184
Event: 1.333 Thread 0x000001cf0a839920 Uncommon trap: reason=unstable_if action=reinterpret pc=0x000001cf1b461d24 method=java.lang.ClassLoader.checkName(Ljava/lang/String;)Z @ 1 c2
Event: 1.333 Thread 0x000001cf0a839920 DEOPT PACKING pc=0x000001cf1b461d24 sp=0x0000007e6acfd8e0
Event: 1.333 Thread 0x000001cf0a839920 DEOPT UNPACKING pc=0x000001cf1ae923a3 sp=0x0000007e6acfd878 mode 2

Classes unloaded (0 events):
No events

Classes redefined (0 events):
No events

Internal exceptions (20 events):
Event: 0.168 Thread 0x000001cf0a839920 Exception <a 'java/lang/NullPointerException'{0x0000000711cc6240}> (0x0000000711cc6240) 
thrown [s\open\src\hotspot\share\interpreter\linkResolver.cpp, line 1350]
Event: 0.170 Thread 0x000001cf0a839920 Exception <a 'java/lang/NullPointerException'{0x0000000711ccc810}> (0x0000000711ccc810) 
thrown [s\open\src\hotspot\share\interpreter\linkResolver.cpp, line 1350]
Event: 0.172 Thread 0x000001cf0a839920 Exception <a 'java/lang/NullPointerException'{0x0000000711ce2498}> (0x0000000711ce2498) 
thrown [s\open\src\hotspot\share\interpreter\linkResolver.cpp, line 1350]
Event: 0.172 Thread 0x000001cf0a839920 Exception <a 'java/lang/NullPointerException'{0x0000000711d53408}> (0x0000000711d53408) 
thrown [s\open\src\hotspot\share\interpreter\linkResolver.cpp, line 1350]
Event: 0.172 Thread 0x000001cf0a839920 Exception <a 'java/lang/NullPointerException'{0x0000000711d536e0}> (0x0000000711d536e0) 
thrown [s\open\src\hotspot\share\interpreter\linkResolver.cpp, line 1350]
Event: 0.172 Thread 0x000001cf0a839920 Exception <a 'java/lang/NullPointerException'{0x0000000711d539b8}> (0x0000000711d539b8) 
thrown [s\open\src\hotspot\share\interpreter\linkResolver.cpp, line 1350]
Event: 0.192 Thread 0x000001cf0a839920 Exception <a 'java/lang/NoSuchMethodError'{0x0000000711dd2de0}: 'void java.lang.invoke.DirectMethodHandle$Holder.invokeStatic(java.lang.Object, java.lang.Object)'> (0x0000000711dd2de0) 
thrown [s\open\src\hotspot\share\interpreter\linkResolver.cpp, line 759]
Event: 0.193 Thread 0x000001cf0a839920 Exception <a 'java/lang/NoSuchMethodError'{0x0000000711dd66f8}: 'void java.lang.invoke.DirectMethodHandle$Holder.invokeStaticInit(java.lang.Object, java.lang.Object)'> (0x0000000711dd66f8) 
thrown [s\open\src\hotspot\share\interpreter\linkResolver.cpp, line 759]
Event: 0.206 Thread 0x000001cf0a839920 Exception <a 'java/lang/NoSuchMethodError'{0x0000000711a23f88}: 'void java.lang.invoke.DirectMethodHandle$Holder.invokeStatic(java.lang.Object, java.lang.Object, java.lang.Object)'> (0x0000000711a23f88) 
thrown [s\open\src\hotspot\share\interpreter\linkResolver.cpp, line 759]
Event: 0.261 Thread 0x000001cf0a839920 Exception <a 'java/lang/NoSuchMethodError'{0x0000000711baae48}: 'java.lang.Object java.lang.invoke.DirectMethodHandle$Holder.invokeSpecialIFC(java.lang.Object, java.lang.Object, java.lang.Object, java.lang.Object)'> (0x0000000711baae48) 
thrown [s\open\src\hotspot\share\interpreter\linkResolver.cpp, line 759]
Event: 0.429 Thread 0x000001cf0a839920 Exception <a 'java/lang/NoSuchMethodError'{0x000000071157a198}: 'void java.lang.invoke.DirectMethodHandle$Holder.invokeSpecial(java.lang.Object, java.lang.Object, java.lang.Object)'> (0x000000071157a198) 
thrown [s\open\src\hotspot\share\interpreter\linkResolver.cpp, line 759]
Event: 0.481 Thread 0x000001cf0a839920 Exception <a 'java/lang/NoSuchMethodError'{0x00000007112dbaa0}: 'java.lang.Object java.lang.invoke.DirectMethodHandle$Holder.invokeInterface(java.lang.Object, java.lang.Object)'> (0x00000007112dbaa0) 
thrown [s\open\src\hotspot\share\interpreter\linkResolver.cpp, line 759]
Event: 0.498 Thread 0x000001cf0a839920 Exception <a 'java/lang/NoSuchMethodError'{0x00000007113847f8}: 'java.lang.Object java.lang.invoke.Invokers$Holder.invokeExact_MT(java.lang.Object, java.lang.Object, java.lang.Object, java.lang.Object, java.lang.Object, java.lang.Object)'> (0x00000007113847f8) 
thrown [s\open\src\hotspot\share\interpreter\linkResolver.cpp, line 759]
Event: 0.500 Thread 0x000001cf0a839920 Exception <a 'java/lang/NoSuchMethodError'{0x0000000711395c58}: 'int java.lang.invoke.DirectMethodHandle$Holder.invokeSpecialIFC(java.lang.Object, java.lang.Object, java.lang.Object, java.lang.Object, java.lang.Object)'> (0x0000000711395c58) 
thrown [s\open\src\hotspot\share\interpreter\linkResolver.cpp, line 759]
Event: 0.551 Thread 0x000001cf0a839920 Exception <a 'java/lang/NoSuchMethodError'{0x00000007111365c0}: 'java.lang.Object java.lang.invoke.DirectMethodHandle$Holder.newInvokeSpecial(java.lang.Object, java.lang.Object, java.lang.Object, java.lang.Object, java.lang.Object)'> (0x00000007111365c0) 
thrown [s\open\src\hotspot\share\interpreter\linkResolver.cpp, line 759]
Event: 0.576 Thread 0x000001cf0a839920 Exception <a 'java/lang/NoSuchMethodError'{0x0000000710e3b7c0}: 'int java.lang.invoke.DirectMethodHandle$Holder.invokeStaticInit(java.lang.Object, java.lang.Object)'> (0x0000000710e3b7c0) 
thrown [s\open\src\hotspot\share\interpreter\linkResolver.cpp, line 759]
Event: 0.584 Thread 0x000001cf0a839920 Exception <a 'java/lang/NoClassDefFoundError'{0x0000000710e73b08}: javax/enterprise/inject/Typed> (0x0000000710e73b08) 
thrown [s\open\src\hotspot\share\classfile\systemDictionary.cpp, line 245]
Event: 1.304 Thread 0x000001cf0a839920 Exception <a 'java/lang/NoSuchMethodError'{0x0000000711cd6420}: 'void java.lang.invoke.DirectMethodHandle$Holder.invokeStaticInit(java.lang.Object, java.lang.Object, java.lang.Object)'> (0x0000000711cd6420) 
thrown [s\open\src\hotspot\share\interpreter\linkResolver.cpp, line 759]
Event: 1.311 Thread 0x000001cf0a839920 Exception <a 'java/lang/ExceptionInInitializerError'{0x0000000711d01c00}> (0x0000000711d01c00) 
thrown [s\open\src\hotspot\share\oops\instanceKlass.cpp, line 1216]
Event: 1.333 Thread 0x000001cf0a839920 Implicit null exception at 0x000001cf1b461baf to 0x000001cf1b461d14

VM Operations (20 events):
Event: 0.050 Executing VM operation: HandshakeAllThreads
Event: 0.050 Executing VM operation: HandshakeAllThreads done
Event: 0.155 Executing VM operation: HandshakeAllThreads
Event: 0.155 Executing VM operation: HandshakeAllThreads done
Event: 0.168 Executing VM operation: HandshakeAllThreads
Event: 0.168 Executing VM operation: HandshakeAllThreads done
Event: 0.280 Executing VM operation: HandshakeAllThreads
Event: 0.280 Executing VM operation: HandshakeAllThreads done
Event: 0.637 Executing VM operation: G1CollectForAllocation
Event: 0.645 Executing VM operation: G1CollectForAllocation done
Event: 1.016 Executing VM operation: HandshakeAllThreads
Event: 1.016 Executing VM operation: HandshakeAllThreads done
Event: 1.083 Executing VM operation: HandshakeAllThreads
Event: 1.083 Executing VM operation: HandshakeAllThreads done
Event: 1.162 Executing VM operation: ICBufferFull
Event: 1.162 Executing VM operation: ICBufferFull done
Event: 1.196 Executing VM operation: G1CollectForAllocation
Event: 1.201 Executing VM operation: G1CollectForAllocation done
Event: 1.314 Executing VM operation: HandshakeAllThreads
Event: 1.314 Executing VM operation: HandshakeAllThreads done

Events (20 events):
Event: 1.134 loading class sun/reflect/generics/tree/MethodTypeSignature
Event: 1.134 loading class sun/reflect/generics/tree/MethodTypeSignature done
Event: 1.236 loading class sun/reflect/generics/repository/FieldRepository
Event: 1.236 loading class sun/reflect/generics/repository/FieldRepository done
Event: 1.244 loading class java/io/UncheckedIOException
Event: 1.244 loading class java/io/UncheckedIOException done
Event: 1.251 loading class java/util/concurrent/atomic/AtomicBoolean
Event: 1.251 loading class java/util/concurrent/atomic/AtomicBoolean done
Event: 1.254 loading class java/nio/channels/OverlappingFileLockException
Event: 1.254 loading class java/nio/channels/OverlappingFileLockException done
Event: 1.255 loading class java/nio/channels/FileLock
Event: 1.255 loading class java/nio/channels/FileLock done
Event: 1.276 loading class java/nio/file/AccessDeniedException
Event: 1.276 loading class java/nio/file/FileSystemException
Event: 1.276 loading class java/nio/file/FileSystemException done
Event: 1.276 loading class java/nio/file/AccessDeniedException done
Event: 1.309 loading class java/lang/ExceptionInInitializerError
Event: 1.310 loading class java/lang/ExceptionInInitializerError done
Event: 1.312 loading class jdk/internal/vm/annotation/ForceInline
Event: 1.312 loading class jdk/internal/vm/annotation/ForceInline done


Dynamic libraries:
0x00007ff729610000 - 0x00007ff729620000 	C:\Program Files\Java\jdk-17.0.12\bin\java.exe
0x00007ff8caf40000 - 0x00007ff8cb1a6000 	C:\WINDOWS\SYSTEM32\ntdll.dll
0x00007ff8c9970000 - 0x00007ff8c9a39000 	C:\WINDOWS\System32\KERNEL32.DLL
0x00007ff8c8160000 - 0x00007ff8c852c000 	C:\WINDOWS\System32\KERNELBASE.dll
0x00007ff8c8b80000 - 0x00007ff8c8ccb000 	C:\WINDOWS\System32\ucrtbase.dll
0x00007ff8c0420000 - 0x00007ff8c0439000 	C:\Program Files\Java\jdk-17.0.12\bin\jli.dll
0x00007ff8ba3c0000 - 0x00007ff8ba3db000 	C:\Program Files\Java\jdk-17.0.12\bin\VCRUNTIME140.dll
0x00007ff8ca350000 - 0x00007ff8ca402000 	C:\WINDOWS\System32\ADVAPI32.dll
0x00007ff8ca040000 - 0x00007ff8ca0e9000 	C:\WINDOWS\System32\msvcrt.dll
0x00007ff8cada0000 - 0x00007ff8cae46000 	C:\WINDOWS\System32\sechost.dll
0x00007ff8c94f0000 - 0x00007ff8c9606000 	C:\WINDOWS\System32\RPCRT4.dll
0x00007ff8c8ef0000 - 0x00007ff8c90ba000 	C:\WINDOWS\System32\USER32.dll
0x00007ff8adf50000 - 0x00007ff8ae1ea000 	C:\WINDOWS\WinSxS\amd64_microsoft.windows.common-controls_6595b64144ccf1df_6.0.26100.3912_none_3e07963ce335137e\COMCTL32.dll
0x00007ff8c8cd0000 - 0x00007ff8c8cf7000 	C:\WINDOWS\System32\win32u.dll
0x00007ff8ca2a0000 - 0x00007ff8ca2cb000 	C:\WINDOWS\System32\GDI32.dll
0x00007ff8c8530000 - 0x00007ff8c8662000 	C:\WINDOWS\System32\gdi32full.dll
0x00007ff8c8670000 - 0x00007ff8c8713000 	C:\WINDOWS\System32\msvcp_win.dll
0x00007ff8c0d40000 - 0x00007ff8c0d4b000 	C:\WINDOWS\SYSTEM32\VERSION.dll
0x00007ff8c9f50000 - 0x00007ff8c9f80000 	C:\WINDOWS\System32\IMM32.DLL
0x00007ff8c0680000 - 0x00007ff8c068c000 	C:\Program Files\Java\jdk-17.0.12\bin\vcruntime140_1.dll
0x00007ff8646f0000 - 0x00007ff86477e000 	C:\Program Files\Java\jdk-17.0.12\bin\msvcp140.dll
0x00007fffdc1e0000 - 0x00007fffdcdc0000 	C:\Program Files\Java\jdk-17.0.12\bin\server\jvm.dll
0x00007ff8ca020000 - 0x00007ff8ca028000 	C:\WINDOWS\System32\PSAPI.DLL
0x00007ff8bb410000 - 0x00007ff8bb446000 	C:\WINDOWS\SYSTEM32\WINMM.dll
0x00007ff8a1140000 - 0x00007ff8a114a000 	C:\WINDOWS\SYSTEM32\WSOCK32.dll
0x00007ff8ca410000 - 0x00007ff8ca484000 	C:\WINDOWS\System32\WS2_32.dll
0x00007ff8c6e50000 - 0x00007ff8c6e6a000 	C:\WINDOWS\SYSTEM32\kernel.appcore.dll
0x00007ff8c0630000 - 0x00007ff8c063a000 	C:\Program Files\Java\jdk-17.0.12\bin\jimage.dll
0x00007ff8b6480000 - 0x00007ff8b66c1000 	C:\WINDOWS\SYSTEM32\DBGHELP.DLL
0x00007ff8c9130000 - 0x00007ff8c94b4000 	C:\WINDOWS\System32\combase.dll
0x00007ff8c9880000 - 0x00007ff8c9960000 	C:\WINDOWS\System32\OLEAUT32.dll
0x00007ff8ab8c0000 - 0x00007ff8ab8f9000 	C:\WINDOWS\SYSTEM32\dbgcore.DLL
0x00007ff8c8720000 - 0x00007ff8c87b9000 	C:\WINDOWS\System32\bcryptPrimitives.dll
0x00007ff8b6e80000 - 0x00007ff8b6ea5000 	C:\Program Files\Java\jdk-17.0.12\bin\java.dll
0x00007ff863a20000 - 0x00007ff863af7000 	C:\Program Files\Java\jdk-17.0.12\bin\jsvml.dll
0x00007ff8ca670000 - 0x00007ff8cad9d000 	C:\WINDOWS\System32\SHELL32.dll
0x00007ff8c8a00000 - 0x00007ff8c8b74000 	C:\WINDOWS\System32\wintypes.dll
0x00007ff8c5d20000 - 0x00007ff8c6576000 	C:\WINDOWS\SYSTEM32\windows.storage.dll
0x00007ff8c9610000 - 0x00007ff8c96ff000 	C:\WINDOWS\System32\SHCORE.dll
0x00007ff8c8e80000 - 0x00007ff8c8ee9000 	C:\WINDOWS\System32\shlwapi.dll
0x00007ff8c7fe0000 - 0x00007ff8c800f000 	C:\WINDOWS\SYSTEM32\profapi.dll
0x00007ff8b5590000 - 0x00007ff8b55a9000 	C:\Program Files\Java\jdk-17.0.12\bin\net.dll
0x00007ff8c14d0000 - 0x00007ff8c15ee000 	C:\WINDOWS\SYSTEM32\WINHTTP.dll
0x00007ff8c73b0000 - 0x00007ff8c741a000 	C:\WINDOWS\system32\mswsock.dll
0x00007ff8b4780000 - 0x00007ff8b4796000 	C:\Program Files\Java\jdk-17.0.12\bin\nio.dll
0x00007ff8b4760000 - 0x00007ff8b4778000 	C:\Program Files\Java\jdk-17.0.12\bin\zip.dll
0x00007ff8aa0f0000 - 0x00007ff8aa114000 	C:\Program Files\Apache\apache-maven-3.9.9\lib\jansi-native\Windows\x86_64\jansi.dll
0x00007ff8ba3b0000 - 0x00007ff8ba3c0000 	C:\Program Files\Java\jdk-17.0.12\bin\verify.dll

dbghelp: loaded successfully - version: 4.0.5 - missing functions: none
symbol engine: initialized successfully - sym options: 0x614 - pdb path: .;C:\Program Files\Java\jdk-17.0.12\bin;C:\WINDOWS\SYSTEM32;C:\WINDOWS\WinSxS\amd64_microsoft.windows.common-controls_6595b64144ccf1df_6.0.26100.3912_none_3e07963ce335137e;C:\Program Files\Java\jdk-17.0.12\bin\server;C:\Program Files\Apache\apache-maven-3.9.9\lib\jansi-native\Windows\x86_64

VM Arguments:
jvm_args: -Dclassworlds.conf=C:\Program Files\Apache\apache-maven-3.9.9\bin\m2.conf -Dmaven.home=C:\Program Files\Apache\apache-maven-3.9.9 -Dlibrary.jansi.path=C:\Program Files\Apache\apache-maven-3.9.9\lib\jansi-native -Dmaven.multiModuleProjectDirectory=c:\Users\moham\Downloads\maintenance-api\maintenance-api 
java_command: org.codehaus.plexus.classworlds.launcher.Launcher clean package -DskipTests
java_class_path (initial): C:\Program Files\Apache\apache-maven-3.9.9\boot\plexus-classworlds-2.8.0.jar
Launcher Type: SUN_STANDARD

[Global flags]
     intx CICompilerCount                          = 4                                         {product} {ergonomic}
     uint ConcGCThreads                            = 3                                         {product} {ergonomic}
     uint G1ConcRefinementThreads                  = 10                                        {product} {ergonomic}
   size_t G1HeapRegionSize                         = 2097152                                   {product} {ergonomic}
    uintx GCDrainStackTargetSize                   = 64                                        {product} {ergonomic}
   size_t InitialHeapSize                          = 266338304                                 {product} {ergonomic}
   size_t MarkStackSize                            = 4194304                                   {product} {ergonomic}
   size_t MaxHeapSize                              = 4257218560                                {product} {ergonomic}
   size_t MaxNewSize                               = 2554331136                                {product} {ergonomic}
   size_t MinHeapDeltaBytes                        = 2097152                                   {product} {ergonomic}
   size_t MinHeapSize                              = 8388608                                   {product} {ergonomic}
    uintx NonNMethodCodeHeapSize                   = 5839372                                {pd product} {ergonomic}
    uintx NonProfiledCodeHeapSize                  = 122909434                              {pd product} {ergonomic}
    uintx ProfiledCodeHeapSize                     = 122909434                              {pd product} {ergonomic}
    uintx ReservedCodeCacheSize                    = 251658240                              {pd product} {ergonomic}
     bool SegmentedCodeCache                       = true                                      {product} {ergonomic}
   size_t SoftMaxHeapSize                          = 4257218560                             {manageable} {ergonomic}
     bool UseCompressedClassPointers               = true                           {product lp64_product} {ergonomic}
     bool UseCompressedOops                        = true                           {product lp64_product} {ergonomic}
     bool UseG1GC                                  = true                                      {product} {ergonomic}
     bool UseLargePagesIndividualAllocation        = false                                  {pd product} {ergonomic}

Logging:
Log output configuration:
 #0: stdout all=warning uptime,level,tags
 #1: stderr all=off uptime,level,tags

Environment Variables:
JAVA_HOME=C:\Program Files\Java\jdk-17.0.12
PATH=C:\app\moham\product\21c\dbhomeXE\bin;C:\Program Files\Common Files\Oracle\Java\javapath;C:\Program Files (x86)\Common Files\Oracle\Java\javapath;C:\oraclexe\app\oracle\product\11.2.0\server\bin;C:\Windows\system32;C:\Windows;C:\Windows\System32\Wbem;C:\Windows\System32\WindowsPowerShell\v1.0\;C:\Windows\System32\OpenSSH\;C:\Program Files\dotnet\;C:\Program Files (x86)\NVIDIA Corporation\PhysX\Common;C:\Program Files\Git\cmd;C:\Program Files\Java\jdk-17.0.12;C:\Users\moham\AppData\Local\Pub\Cache\bin;C:\WINDOWS\system32;C:\WINDOWS;C:\WINDOWS\System32\Wbem;C:\WINDOWS\System32\WindowsPowerShell\v1.0\;C:\WINDOWS\System32\OpenSSH\;C:\Program Files\Microsoft SQL Server\150\Tools\Binn\;C:\Program Files\Microsoft SQL Server\Client SDK\ODBC\170\Tools\Binn\;C:\Program Files\php-8.3.6;C:\Users\moham\AppData\Roaming\nvm;C:\Program Files\nodejs;C:\Program Files\Java\jdk-17.0.12\bin;C:\Program Files\NVIDIA Corporation\NVIDIA app\NvDLISR;C:\Program Files (x86)\Windows Kits\10\Windows Performance Toolkit\;C:\Program Files (x86)\Microsoft SQL Server\160\Tools\Binn\;C:\Program Files\Microsoft SQL Server\160\Tools\Binn\;C:\Program Files\Microsoft SQL Server\160\DTS\Binn\;C:\Program Files\Docker\Docker\resources\bin;C:\Ruby33\bin;C:\Users\moham\AppData\Local\Programs\Python\Python312\Scripts\;C:\Users\moham\AppData\Local\Programs\Python\Python312\;C:\Users\moham\AppData\Local\jdk-17.0.12\bin;C:\Users\moham\AppData\Local\Android\Sdk\platform-tools;C:\Users\moham\AppData\Local\Android\Sdk\tools;C:\Users\moham\AppData\Local\Microsoft\WindowsApps;C:\Users\moham\AppData\Local\Programs\Microsoft VS Code\bin;C:\src\flutter\bin;C:\Program Files\MongoDB\Server\5.0\bin;C:\Program Files\Java\jdk-17.0.12;C:\Users\moham\AppData\Local\Pub\Cache\bin;C:\Users\moham\AppData\Roaming\npm;C:\Users\moham\AppData\Local\Google\Cloud SDK\google-cloud-sdk\bin;C:\Program Files\Java\jre1.8.0_421;C:\Program Files\JetBrains\GoLand 2024.3.4\bin;;C:\Users\moham\Desktop\sonar-scanner-5.0.1.3006-windows\bin;C:\Prog
USERNAME=moham
LANG=en_US.UTF-8
OS=Windows_NT
PROCESSOR_IDENTIFIER=Intel64 Family 6 Model 158 Stepping 10, GenuineIntel



---------------  S Y S T E M  ---------------

OS:
 Windows 11 , 64 bit Build 26100 (10.0.26100.3912)
OS uptime: 0 days 0:54 hours
Hyper-V role detected

CPU: total 12 (initial active 12) (6 cores per cpu, 2 threads per core) family 6 model 158 stepping 10 microcode 0xde, cx8, cmov, fxsr, ht, mmx, 3dnowpref, sse, sse2, sse3, ssse3, sse4.1, sse4.2, popcnt, lzcnt, tsc, tscinvbit, avx, avx2, aes, erms, clmul, bmi1, bmi2, adx, fma, vzeroupper, clflush, clflushopt, hv

Memory: 4k page, system-wide physical 16234M (1934M free)
TotalPageFile size 31397M (AvailPageFile size 2M)
current process WorkingSet (physical memory assigned to process): 112M, peak: 112M
current process commit charge ("private bytes"): 378M, peak: 378M

vm_info: Java HotSpot(TM) 64-Bit Server VM (17.0.12+8-LTS-286) for windows-amd64 JRE (17.0.12+8-LTS-286), built on Jun  5 2024 06:46:59 by "mach5one" with MS VC++ 17.6 (VS2022)

END.
