#
# There is insufficient memory for the Java Runtime Environment to continue.
# Native memory allocation (mmap) failed to map 266338304 bytes for G1 virtual space
# Possible reasons:
#   The system is out of physical RAM or swap space
#   The process is running with CompressedOops enabled, and the Java Heap may be blocking the growth of the native heap
# Possible solutions:
#   Reduce memory load on the system
#   Increase physical memory or swap space
#   Check if swap backing store is full
#   Decrease Java heap size (-Xmx/-Xms)
#   Decrease number of Java threads
#   Decrease Java thread stack sizes (-Xss)
#   Set larger code cache with -XX:ReservedCodeCacheSize=
#   JVM is running with Zero Based Compressed Oops mode in which the Java heap is
#     placed in the first 32GB address space. The Java Heap base address is the
#     maximum limit for the native heap growth. Please use -XX:HeapBaseMinAddress
#     to set the Java Heap base and to place the Java Heap above 32GB virtual address.
# This output file may be truncated or incomplete.
#
#  Out of Memory Error (os_windows.cpp:3548), pid=25612, tid=25432
#
# JRE version:  (17.0.12+8) (build )
# Java VM: Java HotSpot(TM) 64-Bit Server VM (17.0.12+8-LTS-286, mixed mode, sharing, tiered, compressed oops, compressed class ptrs, g1 gc, windows-amd64)
# No core dump will be written. Minidumps are not enabled by default on client versions of Windows
#

---------------  S U M M A R Y ------------

Command Line: -Dclassworlds.conf=C:\Program Files\Apache\apache-maven-3.9.9\bin\m2.conf -Dmaven.home=C:\Program Files\Apache\apache-maven-3.9.9 -Dlibrary.jansi.path=C:\Program Files\Apache\apache-maven-3.9.9\lib\jansi-native -Dmaven.multiModuleProjectDirectory=c:\Users\moham\Downloads\maintenance-api\maintenance-api org.codehaus.plexus.classworlds.launcher.Launcher --version

Host: Intel(R) Core(TM) i7-9750H CPU @ 2.60GHz, 12 cores, 15G,  Windows 11 , 64 bit Build 26100 (10.0.26100.3912)
Time: Sat May 24 04:20:27 2025 W. Central Africa Standard Time elapsed time: 0.013227 seconds (0d 0h 0m 0s)

---------------  T H R E A D  ---------------

Current thread (0x000001c9032945b0):  JavaThread "Unknown thread" [_thread_in_vm, id=25432, stack(0x000000453dc00000,0x000000453dd00000)]

Stack: [0x000000453dc00000,0x000000453dd00000]
Native frames: (J=compiled Java code, j=interpreted, Vv=VM code, C=native code)
V  [jvm.dll+0x67a04a]
V  [jvm.dll+0x7da4ed]
V  [jvm.dll+0x7dbe33]
V  [jvm.dll+0x7dc4a3]
V  [jvm.dll+0x24508f]
V  [jvm.dll+0x677089]
V  [jvm.dll+0x66bd32]
V  [jvm.dll+0x301fa6]
V  [jvm.dll+0x309546]
V  [jvm.dll+0x359d2e]
V  [jvm.dll+0x359f5f]
V  [jvm.dll+0x2d9078]
V  [jvm.dll+0x2d9fe4]
V  [jvm.dll+0x7aca21]
V  [jvm.dll+0x367591]
V  [jvm.dll+0x78b999]
V  [jvm.dll+0x3ec83f]
V  [jvm.dll+0x3ee471]
C  [jli.dll+0x5297]
C  [ucrtbase.dll+0x37b0]
C  [KERNEL32.DLL+0x2e8d7]
C  [ntdll.dll+0x9c5dc]


---------------  P R O C E S S  ---------------

Threads class SMR info:
_java_thread_list=0x00007fffdcc97a18, length=0, elements={
}

Java Threads: ( => current thread )

Other Threads:
  0x000001c9033028e0 GCTaskThread "GC Thread#0" [stack: 0x000000453dd00000,0x000000453de00000] [id=18708]
  0x000001c903313500 ConcurrentGCThread "G1 Main Marker" [stack: 0x000000453de00000,0x000000453df00000] [id=4212]
  0x000001c903314e30 ConcurrentGCThread "G1 Conc#0" [stack: 0x000000453df00000,0x000000453e000000] [id=25100]

[error occurred during error reporting (printing all threads), id 0xc0000005, EXCEPTION_ACCESS_VIOLATION (0xc0000005) at pc=0x00007fffdc4c9b67]

VM state: not at safepoint (not fully initialized)

VM Mutex/Monitor currently owned by a thread:  ([mutex/lock_event])
[0x000001c903290880] Heap_lock - owner thread: 0x000001c9032945b0

Heap address: 0x0000000702400000, size: 4060 MB, Compressed Oops mode: Zero based, Oop shift amount: 3

CDS archive(s) mapped at: [0x0000000000000000-0x0000000000000000-0x0000000000000000), size 0, SharedBaseAddress: 0x0000000800000000, ArchiveRelocationMode: 1.
Narrow klass base: 0x0000000000000000, Narrow klass shift: 0, Narrow klass range: 0x0

GC Precious Log:
<Empty>

Heap:
 garbage-first heap   total 0K, used 0K [0x0000000702400000, 0x0000000800000000)
  region size 2048K, 0 young (0K), 0 survivors (0K)

[error occurred during error reporting (printing heap information), id 0xc0000005, EXCEPTION_ACCESS_VIOLATION (0xc0000005) at pc=0x00007fffdc8b3859]

GC Heap History (0 events):
No events

Deoptimization events (0 events):
No events

Classes unloaded (0 events):
No events

Classes redefined (0 events):
No events

Internal exceptions (0 events):
No events

VM Operations (0 events):
No events

Events (1 events):
Event: 0.008 Loaded shared library C:\Program Files\Java\jdk-17.0.12\bin\java.dll


Dynamic libraries:
0x00007ff729610000 - 0x00007ff729620000 	C:\Program Files\Java\jdk-17.0.12\bin\java.exe
0x00007ff8caf40000 - 0x00007ff8cb1a6000 	C:\WINDOWS\SYSTEM32\ntdll.dll
0x00007ff8c9970000 - 0x00007ff8c9a39000 	C:\WINDOWS\System32\KERNEL32.DLL
0x00007ff8c8160000 - 0x00007ff8c852c000 	C:\WINDOWS\System32\KERNELBASE.dll
0x00007ff8c8b80000 - 0x00007ff8c8ccb000 	C:\WINDOWS\System32\ucrtbase.dll
0x00007ff8c0420000 - 0x00007ff8c0439000 	C:\Program Files\Java\jdk-17.0.12\bin\jli.dll
0x00007ff8ba3c0000 - 0x00007ff8ba3db000 	C:\Program Files\Java\jdk-17.0.12\bin\VCRUNTIME140.dll
0x00007ff8ca350000 - 0x00007ff8ca402000 	C:\WINDOWS\System32\ADVAPI32.dll
0x00007ff8ca040000 - 0x00007ff8ca0e9000 	C:\WINDOWS\System32\msvcrt.dll
0x00007ff8cada0000 - 0x00007ff8cae46000 	C:\WINDOWS\System32\sechost.dll
0x00007ff8c94f0000 - 0x00007ff8c9606000 	C:\WINDOWS\System32\RPCRT4.dll
0x00007ff8c8ef0000 - 0x00007ff8c90ba000 	C:\WINDOWS\System32\USER32.dll
0x00007ff8c8cd0000 - 0x00007ff8c8cf7000 	C:\WINDOWS\System32\win32u.dll
0x00007ff8adf50000 - 0x00007ff8ae1ea000 	C:\WINDOWS\WinSxS\amd64_microsoft.windows.common-controls_6595b64144ccf1df_6.0.26100.3912_none_3e07963ce335137e\COMCTL32.dll
0x00007ff8ca2a0000 - 0x00007ff8ca2cb000 	C:\WINDOWS\System32\GDI32.dll
0x00007ff8c8530000 - 0x00007ff8c8662000 	C:\WINDOWS\System32\gdi32full.dll
0x00007ff8c8670000 - 0x00007ff8c8713000 	C:\WINDOWS\System32\msvcp_win.dll
0x00007ff8c0d40000 - 0x00007ff8c0d4b000 	C:\WINDOWS\SYSTEM32\VERSION.dll
0x00007ff8c9f50000 - 0x00007ff8c9f80000 	C:\WINDOWS\System32\IMM32.DLL
0x00007ff8c0680000 - 0x00007ff8c068c000 	C:\Program Files\Java\jdk-17.0.12\bin\vcruntime140_1.dll
0x00007ff8646f0000 - 0x00007ff86477e000 	C:\Program Files\Java\jdk-17.0.12\bin\msvcp140.dll
0x00007fffdc1e0000 - 0x00007fffdcdc0000 	C:\Program Files\Java\jdk-17.0.12\bin\server\jvm.dll
0x00007ff8ca020000 - 0x00007ff8ca028000 	C:\WINDOWS\System32\PSAPI.DLL
0x00007ff8a1140000 - 0x00007ff8a114a000 	C:\WINDOWS\SYSTEM32\WSOCK32.dll
0x00007ff8bb410000 - 0x00007ff8bb446000 	C:\WINDOWS\SYSTEM32\WINMM.dll
0x00007ff8ca410000 - 0x00007ff8ca484000 	C:\WINDOWS\System32\WS2_32.dll
0x00007ff8c6e50000 - 0x00007ff8c6e6a000 	C:\WINDOWS\SYSTEM32\kernel.appcore.dll
0x00007ff8c0630000 - 0x00007ff8c063a000 	C:\Program Files\Java\jdk-17.0.12\bin\jimage.dll
0x00007ff8b6480000 - 0x00007ff8b66c1000 	C:\WINDOWS\SYSTEM32\DBGHELP.DLL
0x00007ff8c9130000 - 0x00007ff8c94b4000 	C:\WINDOWS\System32\combase.dll
0x00007ff8c9880000 - 0x00007ff8c9960000 	C:\WINDOWS\System32\OLEAUT32.dll
0x00007ff8ab8c0000 - 0x00007ff8ab8f9000 	C:\WINDOWS\SYSTEM32\dbgcore.DLL
0x00007ff8c8720000 - 0x00007ff8c87b9000 	C:\WINDOWS\System32\bcryptPrimitives.dll
0x00007ff8b7160000 - 0x00007ff8b7185000 	C:\Program Files\Java\jdk-17.0.12\bin\java.dll

dbghelp: loaded successfully - version: 4.0.5 - missing functions: none
symbol engine: initialized successfully - sym options: 0x614 - pdb path: .;C:\Program Files\Java\jdk-17.0.12\bin;C:\WINDOWS\SYSTEM32;C:\WINDOWS\WinSxS\amd64_microsoft.windows.common-controls_6595b64144ccf1df_6.0.26100.3912_none_3e07963ce335137e;C:\Program Files\Java\jdk-17.0.12\bin\server

VM Arguments:
jvm_args: -Dclassworlds.conf=C:\Program Files\Apache\apache-maven-3.9.9\bin\m2.conf -Dmaven.home=C:\Program Files\Apache\apache-maven-3.9.9 -Dlibrary.jansi.path=C:\Program Files\Apache\apache-maven-3.9.9\lib\jansi-native -Dmaven.multiModuleProjectDirectory=c:\Users\moham\Downloads\maintenance-api\maintenance-api 
java_command: org.codehaus.plexus.classworlds.launcher.Launcher --version
java_class_path (initial): C:\Program Files\Apache\apache-maven-3.9.9\boot\plexus-classworlds-2.8.0.jar
Launcher Type: SUN_STANDARD

[Global flags]
     intx CICompilerCount                          = 4                                         {product} {ergonomic}
     uint ConcGCThreads                            = 3                                         {product} {ergonomic}
     uint G1ConcRefinementThreads                  = 10                                        {product} {ergonomic}
   size_t G1HeapRegionSize                         = 2097152                                   {product} {ergonomic}
    uintx GCDrainStackTargetSize                   = 64                                        {product} {ergonomic}
   size_t InitialHeapSize                          = 266338304                                 {product} {ergonomic}
   size_t MarkStackSize                            = 4194304                                   {product} {ergonomic}
   size_t MaxHeapSize                              = 4257218560                                {product} {ergonomic}
   size_t MinHeapDeltaBytes                        = 2097152                                   {product} {ergonomic}
   size_t MinHeapSize                              = 8388608                                   {product} {ergonomic}
    uintx NonNMethodCodeHeapSize                   = 5839372                                {pd product} {ergonomic}
    uintx NonProfiledCodeHeapSize                  = 122909434                              {pd product} {ergonomic}
    uintx ProfiledCodeHeapSize                     = 122909434                              {pd product} {ergonomic}
    uintx ReservedCodeCacheSize                    = 251658240                              {pd product} {ergonomic}
     bool SegmentedCodeCache                       = true                                      {product} {ergonomic}
   size_t SoftMaxHeapSize                          = 4257218560                             {manageable} {ergonomic}
     bool UseCompressedClassPointers               = true                           {product lp64_product} {ergonomic}
     bool UseCompressedOops                        = true                           {product lp64_product} {ergonomic}
     bool UseG1GC                                  = true                                      {product} {ergonomic}
     bool UseLargePagesIndividualAllocation        = false                                  {pd product} {ergonomic}

Logging:
Log output configuration:
 #0: stdout all=warning uptime,level,tags
 #1: stderr all=off uptime,level,tags

Environment Variables:
JAVA_HOME=C:\Program Files\Java\jdk-17.0.12
PATH=C:\app\moham\product\21c\dbhomeXE\bin;C:\Program Files\Common Files\Oracle\Java\javapath;C:\Program Files (x86)\Common Files\Oracle\Java\javapath;C:\oraclexe\app\oracle\product\11.2.0\server\bin;C:\Windows\system32;C:\Windows;C:\Windows\System32\Wbem;C:\Windows\System32\WindowsPowerShell\v1.0\;C:\Windows\System32\OpenSSH\;C:\Program Files\dotnet\;C:\Program Files (x86)\NVIDIA Corporation\PhysX\Common;C:\Program Files\Git\cmd;C:\Program Files\Java\jdk-17.0.12;C:\Users\moham\AppData\Local\Pub\Cache\bin;C:\WINDOWS\system32;C:\WINDOWS;C:\WINDOWS\System32\Wbem;C:\WINDOWS\System32\WindowsPowerShell\v1.0\;C:\WINDOWS\System32\OpenSSH\;C:\Program Files\Microsoft SQL Server\150\Tools\Binn\;C:\Program Files\Microsoft SQL Server\Client SDK\ODBC\170\Tools\Binn\;C:\Program Files\php-8.3.6;C:\Users\moham\AppData\Roaming\nvm;C:\Program Files\nodejs;C:\Program Files\Java\jdk-17.0.12\bin;C:\Program Files\NVIDIA Corporation\NVIDIA app\NvDLISR;C:\Program Files (x86)\Windows Kits\10\Windows Performance Toolkit\;C:\Program Files (x86)\Microsoft SQL Server\160\Tools\Binn\;C:\Program Files\Microsoft SQL Server\160\Tools\Binn\;C:\Program Files\Microsoft SQL Server\160\DTS\Binn\;C:\Program Files\Docker\Docker\resources\bin;C:\Ruby33\bin;C:\Users\moham\AppData\Local\Programs\Python\Python312\Scripts\;C:\Users\moham\AppData\Local\Programs\Python\Python312\;C:\Users\moham\AppData\Local\jdk-17.0.12\bin;C:\Users\moham\AppData\Local\Android\Sdk\platform-tools;C:\Users\moham\AppData\Local\Android\Sdk\tools;C:\Users\moham\AppData\Local\Microsoft\WindowsApps;C:\Users\moham\AppData\Local\Programs\Microsoft VS Code\bin;C:\src\flutter\bin;C:\Program Files\MongoDB\Server\5.0\bin;C:\Program Files\Java\jdk-17.0.12;C:\Users\moham\AppData\Local\Pub\Cache\bin;C:\Users\moham\AppData\Roaming\npm;C:\Users\moham\AppData\Local\Google\Cloud SDK\google-cloud-sdk\bin;C:\Program Files\Java\jre1.8.0_421;C:\Program Files\JetBrains\GoLand 2024.3.4\bin;;C:\Users\moham\Desktop\sonar-scanner-5.0.1.3006-windows\bin;C:\Prog
USERNAME=moham
LANG=en_US.UTF-8
OS=Windows_NT
PROCESSOR_IDENTIFIER=Intel64 Family 6 Model 158 Stepping 10, GenuineIntel



---------------  S Y S T E M  ---------------

OS:
 Windows 11 , 64 bit Build 26100 (10.0.26100.3912)
OS uptime: 0 days 0:55 hours
Hyper-V role detected

CPU: total 12 (initial active 12) (6 cores per cpu, 2 threads per core) family 6 model 158 stepping 10 microcode 0xde, cx8, cmov, fxsr, ht, mmx, 3dnowpref, sse, sse2, sse3, ssse3, sse4.1, sse4.2, popcnt, lzcnt, tsc, tscinvbit, avx, avx2, aes, erms, clmul, bmi1, bmi2, adx, fma, vzeroupper, clflush, clflushopt, hv

Memory: 4k page, system-wide physical 16234M (2669M free)
TotalPageFile size 31397M (AvailPageFile size 257M)
current process WorkingSet (physical memory assigned to process): 12M, peak: 12M
current process commit charge ("private bytes"): 64M, peak: 318M

vm_info: Java HotSpot(TM) 64-Bit Server VM (17.0.12+8-LTS-286) for windows-amd64 JRE (17.0.12+8-LTS-286), built on Jun  5 2024 06:46:59 by "mach5one" with MS VC++ 17.6 (VS2022)

END.
